Flow report for DE2_115_Default
Sat Nov  9 13:34:01 2019
Quartus II 32-bit Version 13.0.1 Build 232 06/12/2013 Service Pack 1 SJ Web Edition


---------------------
; Table of Contents ;
---------------------
  1. Legal Notice
  2. Flow Summary
  3. Flow Settings
  4. Flow Non-Default Global Settings
  5. Flow Elapsed Time
  6. Flow OS Summary
  7. Flow Log
  8. Flow Messages
  9. Flow Suppressed Messages



----------------
; Legal Notice ;
----------------
Copyright (C) 1991-2013 Altera Corporation
Your use of Altera Corporation's design tools, logic functions 
and other software and tools, and its AMPP partner logic 
functions, and any output files from any of the foregoing 
(including device programming or simulation files), and any 
associated documentation or information are expressly subject 
to the terms and conditions of the Altera Program License 
Subscription Agreement, Altera MegaCore Function License 
Agreement, or other applicable license agreement, including, 
without limitation, that your use is for the sole purpose of 
programming logic devices manufactured by Altera and sold by 
Altera or its authorized distributors.  Please refer to the 
applicable agreement for further details.



+--------------------------------------------------------------------------------------+
; Flow Summary                                                                         ;
+------------------------------------+-------------------------------------------------+
; Flow Status                        ; Successful - Sat Nov  9 13:34:01 2019           ;
; Quartus II 32-bit Version          ; 13.0.1 Build 232 06/12/2013 SP 1 SJ Web Edition ;
; Revision Name                      ; DE2_115_Default                                 ;
; Top-level Entity Name              ; DE2_115_Default                                 ;
; Family                             ; Cyclone IV E                                    ;
; Device                             ; EP4CE115F29C7                                   ;
; Timing Models                      ; Final                                           ;
; Total logic elements               ; 7,215 / 114,480 ( 6 % )                         ;
;     Total combinational functions  ; 6,666 / 114,480 ( 6 % )                         ;
;     Dedicated logic registers      ; 2,202 / 114,480 ( 2 % )                         ;
; Total registers                    ; 2202                                            ;
; Total pins                         ; 518 / 529 ( 98 % )                              ;
; Total virtual pins                 ; 0                                               ;
; Total memory bits                  ; 418,390 / 3,981,312 ( 11 % )                    ;
; Embedded Multiplier 9-bit elements ; 0 / 532 ( 0 % )                                 ;
; Total PLLs                         ; 1 / 4 ( 25 % )                                  ;
+------------------------------------+-------------------------------------------------+


+-----------------------------------------+
; Flow Settings                           ;
+-------------------+---------------------+
; Option            ; Setting             ;
+-------------------+---------------------+
; Start date & time ; 11/08/2019 13:11:53 ;
; Main task         ; Compilation         ;
; Revision Name     ; DE2_115_Default     ;
+-------------------+---------------------+


+----------------------------------------------------------------------------------------------------------------------------------------------------------+
; Flow Non-Default Global Settings                                                                                                                         ;
+-------------------------------------+---------------------------------------------------------------------+---------------+-------------+----------------+
; Assignment Name                     ; Value                                                               ; Default Value ; Entity Name ; Section Id     ;
+-------------------------------------+---------------------------------------------------------------------+---------------+-------------+----------------+
; COMPILER_SIGNATURE_ID               ; 0.157318631300568                                                   ; --            ; --          ; --             ;
; MAX_CORE_JUNCTION_TEMP              ; 85                                                                  ; --            ; --          ; --             ;
; MIN_CORE_JUNCTION_TEMP              ; 0                                                                   ; --            ; --          ; --             ;
; MISC_FILE                           ; D:/Assignment/DE2_115_Default/DE2_115_Default.dpf                   ; --            ; --          ; --             ;
; MISC_FILE                           ; E:/SVN/DE2_115/trunk/ref_design/DE2_115_Default/DE2_115_Default.dpf ; --            ; --          ; --             ;
; MISC_FILE                           ; E:/DE2_115_NEW/trunk/ref_design/DE2_115_Default/DE2_115_Default.dpf ; --            ; --          ; --             ;
; NUM_PARALLEL_PROCESSORS             ; 2                                                                   ; --            ; --          ; --             ;
; PARTITION_COLOR                     ; 16764057                                                            ; --            ; --          ; Top            ;
; PARTITION_FITTER_PRESERVATION_LEVEL ; PLACEMENT_AND_ROUTING                                               ; --            ; --          ; Top            ;
; PARTITION_NETLIST_TYPE              ; SOURCE                                                              ; --            ; --          ; Top            ;
; POWER_BOARD_THERMAL_MODEL           ; None (CONSERVATIVE)                                                 ; --            ; --          ; --             ;
; POWER_PRESET_COOLING_SOLUTION       ; 23 MM HEAT SINK WITH 200 LFPM AIRFLOW                               ; --            ; --          ; --             ;
; SMART_RECOMPILE                     ; On                                                                  ; Off           ; --          ; --             ;
; USE_GENERATED_PHYSICAL_CONSTRAINTS  ; Off                                                                 ; --            ; --          ; eda_blast_fpga ;
+-------------------------------------+---------------------------------------------------------------------+---------------+-------------+----------------+


+-------------------------------------------------------------------------------------------------------------------------------+
; Flow Elapsed Time                                                                                                             ;
+---------------------------+--------------+-------------------------+---------------------+------------------------------------+
; Module Name               ; Elapsed Time ; Average Processors Used ; Peak Virtual Memory ; Total CPU Time (on all processors) ;
+---------------------------+--------------+-------------------------+---------------------+------------------------------------+
; Analysis & Synthesis      ; 00:00:29     ; 1.0                     ; 424 MB              ; 00:00:25                           ;
; Fitter                    ; 00:06:43     ; 1.0                     ; 759 MB              ; 00:06:40                           ;
; Assembler                 ; 00:00:06     ; 1.0                     ; 362 MB              ; 00:00:05                           ;
; TimeQuest Timing Analyzer ; 00:00:26     ; 1.0                     ; 530 MB              ; 00:00:23                           ;
; MIF/HEX Update            ; 00:00:03     ; 1.0                     ; 385 MB              ; 00:00:02                           ;
; MIF/HEX Update            ; 00:00:02     ; 1.0                     ; 385 MB              ; 00:00:02                           ;
; MIF/HEX Update            ; 00:00:02     ; 1.0                     ; 385 MB              ; 00:00:02                           ;
; MIF/HEX Update            ; 00:00:02     ; 1.0                     ; 385 MB              ; 00:00:02                           ;
; Assembler                 ; 00:00:05     ; 1.0                     ; 374 MB              ; 00:00:05                           ;
; MIF/HEX Update            ; 00:00:02     ; 1.0                     ; 385 MB              ; 00:00:02                           ;
; Assembler                 ; 00:00:06     ; 1.0                     ; 378 MB              ; 00:00:05                           ;
; MIF/HEX Update            ; 00:00:01     ; 1.0                     ; 389 MB              ; 00:00:02                           ;
; MIF/HEX Update            ; 00:00:02     ; 1.0                     ; 389 MB              ; 00:00:02                           ;
; Assembler                 ; 00:00:05     ; 1.0                     ; 378 MB              ; 00:00:05                           ;
; MIF/HEX Update            ; 00:00:02     ; 1.0                     ; 385 MB              ; 00:00:02                           ;
; Assembler                 ; 00:00:05     ; 1.0                     ; 374 MB              ; 00:00:05                           ;
; MIF/HEX Update            ; 00:00:02     ; 1.0                     ; 385 MB              ; 00:00:02                           ;
; MIF/HEX Update            ; 00:00:01     ; 1.0                     ; 385 MB              ; 00:00:02                           ;
; MIF/HEX Update            ; 00:00:02     ; 1.0                     ; 385 MB              ; 00:00:02                           ;
; MIF/HEX Update            ; 00:00:02     ; 1.0                     ; 385 MB              ; 00:00:02                           ;
; MIF/HEX Update            ; 00:00:02     ; 1.0                     ; 385 MB              ; 00:00:02                           ;
; MIF/HEX Update            ; 00:00:02     ; 1.0                     ; 389 MB              ; 00:00:02                           ;
; MIF/HEX Update            ; 00:00:02     ; 1.0                     ; 389 MB              ; 00:00:02                           ;
; MIF/HEX Update            ; 00:00:02     ; 1.0                     ; 385 MB              ; 00:00:02                           ;
; MIF/HEX Update            ; 00:00:02     ; 1.0                     ; 389 MB              ; 00:00:02                           ;
; Assembler                 ; 00:00:06     ; 1.0                     ; 374 MB              ; 00:00:05                           ;
; Total                     ; 00:08:44     ; --                      ; --                  ; 00:08:32                           ;
+---------------------------+--------------+-------------------------+---------------------+------------------------------------+


+-----------------------------------------------------------------------------------------------------------+
; Flow OS Summary                                                                                           ;
+---------------------------+--------------------------------+--------------+--------------+----------------+
; Module Name               ; Machine Hostname               ; OS Name      ; OS Version   ; Processor type ;
+---------------------------+--------------------------------+--------------+--------------+----------------+
; Analysis & Synthesis      ; iced02.ice.nuie.nagoya-u.ac.jp ; CentOS Linux ; CentOS Linux ; x86_64         ;
; Fitter                    ; iced02.ice.nuie.nagoya-u.ac.jp ; CentOS Linux ; CentOS Linux ; x86_64         ;
; Assembler                 ; iced02.ice.nuie.nagoya-u.ac.jp ; CentOS Linux ; CentOS Linux ; x86_64         ;
; TimeQuest Timing Analyzer ; iced02.ice.nuie.nagoya-u.ac.jp ; CentOS Linux ; CentOS Linux ; x86_64         ;
; MIF/HEX Update            ; iceb40                         ; CentOS Linux ; CentOS Linux ; x86_64         ;
; MIF/HEX Update            ; iceb40                         ; CentOS Linux ; CentOS Linux ; x86_64         ;
; MIF/HEX Update            ; iceb40                         ; CentOS Linux ; CentOS Linux ; x86_64         ;
; MIF/HEX Update            ; iceb40                         ; CentOS Linux ; CentOS Linux ; x86_64         ;
; Assembler                 ; iceb40                         ; CentOS Linux ; CentOS Linux ; x86_64         ;
; MIF/HEX Update            ; iceb40                         ; CentOS Linux ; CentOS Linux ; x86_64         ;
; Assembler                 ; iceb40                         ; CentOS Linux ; CentOS Linux ; x86_64         ;
; MIF/HEX Update            ; iceb40                         ; CentOS Linux ; CentOS Linux ; x86_64         ;
; MIF/HEX Update            ; iceb40                         ; CentOS Linux ; CentOS Linux ; x86_64         ;
; Assembler                 ; iceb40                         ; CentOS Linux ; CentOS Linux ; x86_64         ;
; MIF/HEX Update            ; iceb40                         ; CentOS Linux ; CentOS Linux ; x86_64         ;
; Assembler                 ; iceb40                         ; CentOS Linux ; CentOS Linux ; x86_64         ;
; MIF/HEX Update            ; iceb40                         ; CentOS Linux ; CentOS Linux ; x86_64         ;
; MIF/HEX Update            ; iceb40                         ; CentOS Linux ; CentOS Linux ; x86_64         ;
; MIF/HEX Update            ; iceb40                         ; CentOS Linux ; CentOS Linux ; x86_64         ;
; MIF/HEX Update            ; iceb40                         ; CentOS Linux ; CentOS Linux ; x86_64         ;
; MIF/HEX Update            ; iceb40                         ; CentOS Linux ; CentOS Linux ; x86_64         ;
; MIF/HEX Update            ; iceb40                         ; CentOS Linux ; CentOS Linux ; x86_64         ;
; MIF/HEX Update            ; iceb40                         ; CentOS Linux ; CentOS Linux ; x86_64         ;
; MIF/HEX Update            ; iceb40                         ; CentOS Linux ; CentOS Linux ; x86_64         ;
; MIF/HEX Update            ; iceb40                         ; CentOS Linux ; CentOS Linux ; x86_64         ;
; Assembler                 ; iceb40                         ; CentOS Linux ; CentOS Linux ; x86_64         ;
+---------------------------+--------------------------------+--------------+--------------+----------------+


------------
; Flow Log ;
------------
quartus_map --read_settings_files=on --write_settings_files=off DE2_115_Default -c DE2_115_Default
quartus_fit --read_settings_files=off --write_settings_files=off DE2_115_Default -c DE2_115_Default
quartus_asm --read_settings_files=off --write_settings_files=off DE2_115_Default -c DE2_115_Default
quartus_sta DE2_115_Default -c DE2_115_Default
quartus_cdb DE2_115_Default -c DE2_115_Default --update_mif
quartus_cdb DE2_115_Default -c DE2_115_Default --update_mif
quartus_cdb DE2_115_Default -c DE2_115_Default --update_mif
quartus_cdb DE2_115_Default -c DE2_115_Default --update_mif
quartus_asm --read_settings_files=on --write_settings_files=off DE2_115_Default -c DE2_115_Default
quartus_cdb DE2_115_Default -c DE2_115_Default --update_mif
quartus_asm --read_settings_files=on --write_settings_files=off DE2_115_Default -c DE2_115_Default
quartus_cdb DE2_115_Default -c DE2_115_Default --update_mif
quartus_cdb DE2_115_Default -c DE2_115_Default --update_mif
quartus_asm --read_settings_files=on --write_settings_files=off DE2_115_Default -c DE2_115_Default
quartus_cdb DE2_115_Default -c DE2_115_Default --update_mif
quartus_asm --read_settings_files=on --write_settings_files=off DE2_115_Default -c DE2_115_Default
quartus_cdb DE2_115_Default -c DE2_115_Default --update_mif
quartus_cdb DE2_115_Default -c DE2_115_Default --update_mif
quartus_cdb DE2_115_Default -c DE2_115_Default --update_mif
quartus_cdb DE2_115_Default -c DE2_115_Default --update_mif
quartus_cdb DE2_115_Default -c DE2_115_Default --update_mif
quartus_cdb DE2_115_Default -c DE2_115_Default --update_mif
quartus_cdb DE2_115_Default -c DE2_115_Default --update_mif
quartus_cdb DE2_115_Default -c DE2_115_Default --update_mif
quartus_cdb DE2_115_Default -c DE2_115_Default --update_mif
quartus_asm --read_settings_files=on --write_settings_files=off DE2_115_Default -c DE2_115_Default



